<?xml version="1.0" encoding="UTF-8"?>
<!-- Generated by org.testng.reporters.JUnitReportReporter -->
<testsuite hostname="DESKTOP-LNT56P9" failures="0" tests="1" name="com.demoMaven.testscript.CustomerModue" time="10.084" errors="0" timestamp="2023-08-03T19:38:10 IST" skipped="0">
  <testcase classname="com.demoMaven.testscript.CustomerModue" name="customerModule" time="10.084">
    <system-out>
      <![CDATA[createCustomer]]>
    </system-out>
  </testcase> <!-- customerModule -->
  <system-out>
    <![CDATA[createCustomer]]>
  </system-out>
</testsuite> <!-- com.demoMaven.testscript.CustomerModue -->
