<?xml version="1.0" encoding="UTF-8"?>
<!-- Generated by org.testng.reporters.JUnitReportReporter -->
<testsuite hostname="DESKTOP-LNT56P9" failures="0" tests="4" name="com.am_webtech.testscript.Login" time="68.995" errors="0" timestamp="2023-08-10T19:41:47 IST" skipped="0">
  <testcase classname="com.am_webtech.testscript.Login" name="quickAction" time="12.250"/>
  <testcase classname="com.am_webtech.testscript.Login" name="testPunchIn" time="25.216"/>
  <testcase classname="com.am_webtech.testscript.Login" name="testLoginNull" time="16.967"/>
  <testcase classname="com.am_webtech.testscript.Login" name="testLoginLogout" time="14.562"/>
</testsuite> <!-- com.am_webtech.testscript.Login -->
